<?xml version="1.0" encoding="UTF-8"?>
<testsuite name="edu.fisa.lab.Step06CitestApplicationTests" tests="1" skipped="0" failures="0" errors="0" timestamp="2024-02-20T05:33:39" hostname="1-09" time="0.652">
  <properties/>
  <testcase name="contextLoads()" classname="edu.fisa.lab.Step06CitestApplicationTests" time="0.652"/>
  <system-out><![CDATA[14:33:38.396 [Test worker] INFO org.springframework.test.context.support.AnnotationConfigContextLoaderUtils -- Could not detect default configuration classes for test class [edu.fisa.lab.Step06CitestApplicationTests]: Step06CitestApplicationTests does not declare any static, non-private, non-final, nested classes annotated with @Configuration.
14:33:38.497 [Test worker] INFO org.springframework.boot.test.context.SpringBootTestContextBootstrapper -- Found @SpringBootConfiguration edu.fisa.lab.Step06CitestApplication for test class edu.fisa.lab.Step06CitestApplicationTests

  .   ____          _            __ _ _
 /\\ / ___'_ __ _ _(_)_ __  __ _ \ \ \ \
( ( )\___ | '_ | '_| | '_ \/ _` | \ \ \ \
 \\/  ___)| |_)| | | | | || (_| |  ) ) ) )
  '  |____| .__|_| |_|_| |_\__, | / / / /
 =========|_|==============|___/=/_/_/_/
 :: Spring Boot ::                (v3.2.2)

2024-02-20T14:33:38.834+09:00  INFO 16692 --- [    Test worker] e.fisa.lab.Step06CitestApplicationTests  : Starting Step06CitestApplicationTests using Java 17 with PID 16692 (started by Admin in C:\cloud\04.spring\step06_citest)
2024-02-20T14:33:38.835+09:00  INFO 16692 --- [    Test worker] e.fisa.lab.Step06CitestApplicationTests  : No active profile set, falling back to 1 default profile: "default"
2024-02-20T14:33:39.910+09:00  INFO 16692 --- [    Test worker] e.fisa.lab.Step06CitestApplicationTests  : Started Step06CitestApplicationTests in 1.26 seconds (process running for 2.222)
]]></system-out>
  <system-err><![CDATA[]]></system-err>
</testsuite>
